<?xml version="1.0" encoding="UTF-8"?>
<!-- Generated by org.testng.reporters.JUnitReportReporter -->
<testsuite hostname="DESKTOP-VJU25S1" failures="0" tests="2" name="testngtest.ChekingTestSequence" time="0.014" errors="0" timestamp="2023-01-26T13:44:32 IST" skipped="0">
  <testcase classname="testngtest.ChekingTestSequence" name="ba" time="0.002"/>
  <system-out/>
  <testcase classname="testngtest.ChekingTestSequence" name="ab" time="0.012"/>
  <system-out/>
</testsuite> <!-- testngtest.ChekingTestSequence -->
