<?xml version="1.0" encoding="UTF-8"?>
<!-- Generated by org.testng.reporters.JUnitReportReporter -->
<testsuite hostname="DESKTOP-VJU25S1" failures="0" tests="4" name="test.LoginTest" time="6.894" errors="0" timestamp="2023-02-06T20:59:57 IST" skipped="0">
  <testcase classname="test.LoginTest" name="verifyBuildTitleName" time="0.030"/>
  <system-out/>
  <testcase classname="test.LoginTest" name="verifyTitleofLoginPage" time="2.427"/>
  <system-out/>
  <testcase classname="test.LoginTest" name="CurrentUrlofPage" time="0.012"/>
  <system-out/>
  <testcase classname="test.LoginTest" name="verifyLoginWithCorrectcredentials" time="4.425"/>
  <system-out/>
</testsuite> <!-- test.LoginTest -->
